0 info it worked if it ends with ok
1 verbose cli [ '/usr/local/bin/node',
1 verbose cli   '/usr/local/bin/npm',
1 verbose cli   'install',
1 verbose cli   'rc-collapse',
1 verbose cli   '--save' ]
2 info using npm@2.15.8
3 info using node@v4.4.7
4 verbose install initial load of /Users/SAMMAO/Desktop/Coding Practice/React JS practice/app2/package.json
5 warn package.json app2@1.0.0 No description
6 warn package.json app2@1.0.0 No repository field.
7 warn package.json app2@1.0.0 scripts['server'] should probably be scripts['start'].
8 warn package.json app2@1.0.0 No README data
9 verbose installManyTop reading scoped package data from /Users/SAMMAO/Desktop/Coding Practice/React JS practice/app2/node_modules/async/package.json
10 verbose installManyTop reading scoped package data from /Users/SAMMAO/Desktop/Coding Practice/React JS practice/app2/node_modules/axios/package.json
11 verbose installManyTop reading scoped package data from /Users/SAMMAO/Desktop/Coding Practice/React JS practice/app2/node_modules/babel-cli/package.json
12 verbose installManyTop reading scoped package data from /Users/SAMMAO/Desktop/Coding Practice/React JS practice/app2/node_modules/babel-core/package.json
13 verbose installManyTop reading scoped package data from /Users/SAMMAO/Desktop/Coding Practice/React JS practice/app2/node_modules/babel-loader/package.json
14 verbose installManyTop reading scoped package data from /Users/SAMMAO/Desktop/Coding Practice/React JS practice/app2/node_modules/babel-preset-es2015/package.json
15 verbose installManyTop reading scoped package data from /Users/SAMMAO/Desktop/Coding Practice/React JS practice/app2/node_modules/babel-preset-react/package.json
16 verbose installManyTop reading scoped package data from /Users/SAMMAO/Desktop/Coding Practice/React JS practice/app2/node_modules/babel-preset-stage-3/package.json
17 verbose installManyTop reading scoped package data from /Users/SAMMAO/Desktop/Coding Practice/React JS practice/app2/node_modules/body-parser/package.json
18 verbose installManyTop reading scoped package data from /Users/SAMMAO/Desktop/Coding Practice/React JS practice/app2/node_modules/css-loader/package.json
19 verbose installManyTop reading scoped package data from /Users/SAMMAO/Desktop/Coding Practice/React JS practice/app2/node_modules/express/package.json
20 verbose installManyTop reading scoped package data from /Users/SAMMAO/Desktop/Coding Practice/React JS practice/app2/node_modules/express-async-router/package.json
21 verbose installManyTop reading scoped package data from /Users/SAMMAO/Desktop/Coding Practice/React JS practice/app2/node_modules/extract-text-webpack-plugin/package.json
22 verbose installManyTop reading scoped package data from /Users/SAMMAO/Desktop/Coding Practice/React JS practice/app2/node_modules/file-loader/package.json
23 verbose installManyTop reading scoped package data from /Users/SAMMAO/Desktop/Coding Practice/React JS practice/app2/node_modules/flux/package.json
24 verbose installManyTop reading scoped package data from /Users/SAMMAO/Desktop/Coding Practice/React JS practice/app2/node_modules/java/package.json
25 verbose installManyTop reading scoped package data from /Users/SAMMAO/Desktop/Coding Practice/React JS practice/app2/node_modules/nodemon/package.json
26 verbose installManyTop reading scoped package data from /Users/SAMMAO/Desktop/Coding Practice/React JS practice/app2/node_modules/pagination/package.json
27 verbose installManyTop reading scoped package data from /Users/SAMMAO/Desktop/Coding Practice/React JS practice/app2/node_modules/rc-collapse/package.json
28 verbose installManyTop reading scoped package data from /Users/SAMMAO/Desktop/Coding Practice/React JS practice/app2/node_modules/react/package.json
29 verbose installManyTop reading scoped package data from /Users/SAMMAO/Desktop/Coding Practice/React JS practice/app2/node_modules/react-addons-css-transition-group/package.json
30 verbose installManyTop reading scoped package data from /Users/SAMMAO/Desktop/Coding Practice/React JS practice/app2/node_modules/react-bootstrap/package.json
31 verbose installManyTop reading scoped package data from /Users/SAMMAO/Desktop/Coding Practice/React JS practice/app2/node_modules/react-bootstrap-table/package.json
32 verbose installManyTop reading scoped package data from /Users/SAMMAO/Desktop/Coding Practice/React JS practice/app2/node_modules/react-dom/package.json
33 verbose installManyTop reading scoped package data from /Users/SAMMAO/Desktop/Coding Practice/React JS practice/app2/node_modules/react-redux/package.json
34 verbose installManyTop reading scoped package data from /Users/SAMMAO/Desktop/Coding Practice/React JS practice/app2/node_modules/react-reorder/package.json
35 verbose installManyTop reading scoped package data from /Users/SAMMAO/Desktop/Coding Practice/React JS practice/app2/node_modules/react-router/package.json
36 verbose installManyTop reading scoped package data from /Users/SAMMAO/Desktop/Coding Practice/React JS practice/app2/node_modules/react-select/package.json
37 verbose installManyTop reading scoped package data from /Users/SAMMAO/Desktop/Coding Practice/React JS practice/app2/node_modules/react-spinkit/package.json
38 verbose installManyTop reading scoped package data from /Users/SAMMAO/Desktop/Coding Practice/React JS practice/app2/node_modules/react-timer/package.json
39 verbose installManyTop reading scoped package data from /Users/SAMMAO/Desktop/Coding Practice/React JS practice/app2/node_modules/redux/package.json
40 verbose installManyTop reading scoped package data from /Users/SAMMAO/Desktop/Coding Practice/React JS practice/app2/node_modules/redux-thunk/package.json
41 verbose installManyTop reading scoped package data from /Users/SAMMAO/Desktop/Coding Practice/React JS practice/app2/node_modules/style-loader/package.json
42 verbose installManyTop reading scoped package data from /Users/SAMMAO/Desktop/Coding Practice/React JS practice/app2/node_modules/url-loader/package.json
43 verbose installManyTop reading scoped package data from /Users/SAMMAO/Desktop/Coding Practice/React JS practice/app2/node_modules/webpack/package.json
44 verbose installManyTop reading scoped package data from /Users/SAMMAO/Desktop/Coding Practice/React JS practice/app2/node_modules/webpack-dev-middleware/package.json
45 info package.json pagination@0.4.4 No license field.
46 verbose readDependencies loading dependencies from /Users/SAMMAO/Desktop/Coding Practice/React JS practice/app2/package.json
47 verbose install rc-collapse is installed as 1.6.10
48 silly cache add args [ 'rc-collapse', null ]
49 verbose cache add spec rc-collapse
50 silly cache add parsed spec Result {
50 silly cache add   raw: 'rc-collapse',
50 silly cache add   scope: null,
50 silly cache add   name: 'rc-collapse',
50 silly cache add   rawSpec: '',
50 silly cache add   spec: 'latest',
50 silly cache add   type: 'tag' }
51 silly addNamed rc-collapse@latest
52 verbose addNamed "latest" is being treated as a dist-tag for rc-collapse
53 info addNameTag [ 'rc-collapse', 'latest' ]
54 silly mapToRegistry name rc-collapse
55 silly mapToRegistry using default registry
56 silly mapToRegistry registry https://registry.npmjs.org/
57 silly mapToRegistry data Result {
57 silly mapToRegistry   raw: 'rc-collapse',
57 silly mapToRegistry   scope: null,
57 silly mapToRegistry   name: 'rc-collapse',
57 silly mapToRegistry   rawSpec: '',
57 silly mapToRegistry   spec: 'latest',
57 silly mapToRegistry   type: 'tag' }
58 silly mapToRegistry uri https://registry.npmjs.org/rc-collapse
59 verbose addNameTag registry:https://registry.npmjs.org/rc-collapse not in flight; fetching
60 verbose get https://registry.npmjs.org/rc-collapse not expired, no request
61 silly addNameTag next cb for rc-collapse with tag latest
62 silly addNamed rc-collapse@1.6.10
63 verbose addNamed "1.6.10" is a plain semver version for rc-collapse
64 silly cache afterAdd rc-collapse@1.6.10
65 verbose afterAdd /Users/SAMMAO/.npm/rc-collapse/1.6.10/package/package.json not in flight; writing
66 verbose correctMkdir /Users/SAMMAO/.npm correctMkdir not in flight; initializing
67 verbose afterAdd /Users/SAMMAO/.npm/rc-collapse/1.6.10/package/package.json written
68 silly install resolved [ { name: 'rc-collapse',
68 silly install resolved     version: '1.6.10',
68 silly install resolved     description: 'rc-collapse ui component for react',
68 silly install resolved     keywords:
68 silly install resolved      [ 'react',
68 silly install resolved        'react-component',
68 silly install resolved        'react-rc-collapse',
68 silly install resolved        'rc-collapse',
68 silly install resolved        'collapse',
68 silly install resolved        'accordion' ],
68 silly install resolved     homepage: 'http://github.com/react-component/collapse',
68 silly install resolved     author: { name: 'eward.song@gmail.com' },
68 silly install resolved     repository:
68 silly install resolved      { type: 'git',
68 silly install resolved        url: 'git+ssh://git@github.com/react-component/collapse.git' },
68 silly install resolved     bugs: { url: 'http://github.com/react-component/collapse/issues' },
68 silly install resolved     license: 'MIT',
68 silly install resolved     files: [ 'lib', 'assets/*.css' ],
68 silly install resolved     main: './lib/index',
68 silly install resolved     config: { port: 8002 },
68 silly install resolved     scripts:
68 silly install resolved      { build: 'rc-tools run build',
68 silly install resolved        'gh-pages': 'rc-tools run gh-pages',
68 silly install resolved        start: 'rc-tools run server',
68 silly install resolved        pub: 'rc-tools run pub',
68 silly install resolved        lint: 'rc-tools run lint',
68 silly install resolved        karma: 'rc-tools run karma',
68 silly install resolved        saucelabs: 'rc-tools run saucelabs',
68 silly install resolved        test: 'rc-tools run test',
68 silly install resolved        'chrome-test': 'rc-tools run chrome-test',
68 silly install resolved        coverage: 'rc-tools run coverage' },
68 silly install resolved     devDependencies:
68 silly install resolved      { 'expect.js': '0.3.x',
68 silly install resolved        jquery: '1.x',
68 silly install resolved        'pre-commit': '1.x',
68 silly install resolved        'rc-tools': '5.x',
68 silly install resolved        react: '15.x',
68 silly install resolved        'react-dom': '15.x',
68 silly install resolved        'react-addons-test-utils': '15.x',
68 silly install resolved        'string.prototype.repeat': '^0.2.0' },
68 silly install resolved     'pre-commit': [ 'lint' ],
68 silly install resolved     dependencies:
68 silly install resolved      { classnames: '2.x',
68 silly install resolved        'rc-animate': '2.x',
68 silly install resolved        'css-animation': '1.x' },
68 silly install resolved     gitHead: 'a46638f18185654443991824305150773513173a',
68 silly install resolved     _id: 'rc-collapse@1.6.10',
68 silly install resolved     _shasum: '2a3b572c2831e3e5134173b44acbad371c18c731',
68 silly install resolved     _from: 'rc-collapse@latest',
68 silly install resolved     _npmVersion: '3.10.3',
68 silly install resolved     _nodeVersion: '6.7.0',
68 silly install resolved     _npmUser: { name: 'shepherdwind', email: 'eward.song@gmail.com' },
68 silly install resolved     maintainers: [ [Object], [Object], [Object] ],
68 silly install resolved     dist:
68 silly install resolved      { shasum: '2a3b572c2831e3e5134173b44acbad371c18c731',
68 silly install resolved        tarball: 'https://registry.npmjs.org/rc-collapse/-/rc-collapse-1.6.10.tgz' },
68 silly install resolved     _npmOperationalInternal:
68 silly install resolved      { host: 'packages-12-west.internal.npmjs.com',
68 silly install resolved        tmp: 'tmp/rc-collapse-1.6.10.tgz_1479435801004_0.40340255200862885' },
68 silly install resolved     directories: {},
68 silly install resolved     _resolved: 'https://registry.npmjs.org/rc-collapse/-/rc-collapse-1.6.10.tgz',
68 silly install resolved     readme: 'ERROR: No README data found!' } ]
69 info install rc-collapse@1.6.10 into /Users/SAMMAO/Desktop/Coding Practice/React JS practice/app2
70 info installOne rc-collapse@1.6.10
71 verbose installOne of rc-collapse to /Users/SAMMAO/Desktop/Coding Practice/React JS practice/app2 not in flight; installing
72 verbose correctMkdir /Users/SAMMAO/.npm/_locks correctMkdir not in flight; initializing
73 verbose lock using /Users/SAMMAO/.npm/_locks/rc-collapse-4342f738a8f6cad7.lock for /Users/SAMMAO/Desktop/Coding Practice/React JS practice/app2/node_modules/rc-collapse
74 silly install write writing rc-collapse 1.6.10 to /Users/SAMMAO/Desktop/Coding Practice/React JS practice/app2/node_modules/rc-collapse
75 verbose unbuild node_modules/rc-collapse
76 info preuninstall rc-collapse@1.6.10
77 info uninstall rc-collapse@1.6.10
78 verbose unbuild rmStuff rc-collapse@1.6.10 from /Users/SAMMAO/Desktop/Coding Practice/React JS practice/app2/node_modules
79 info postuninstall rc-collapse@1.6.10
80 silly gentlyRm /Users/SAMMAO/Desktop/Coding Practice/React JS practice/app2/node_modules/rc-collapse is being purged from base /Users/SAMMAO/Desktop/Coding Practice/React JS practice/app2
81 verbose gentlyRm don't care about contents; nuking /Users/SAMMAO/Desktop/Coding Practice/React JS practice/app2/node_modules/rc-collapse
82 silly vacuum-fs purging /Users/SAMMAO/Desktop/Coding Practice/React JS practice/app2/node_modules/rc-collapse
83 silly vacuum-fs quitting because other entries in /Users/SAMMAO/Desktop/Coding Practice/React JS practice/app2/node_modules
84 verbose tar unpack /Users/SAMMAO/.npm/rc-collapse/1.6.10/package.tgz
85 verbose tar unpacking to /Users/SAMMAO/Desktop/Coding Practice/React JS practice/app2/node_modules/rc-collapse
86 silly gentlyRm /Users/SAMMAO/Desktop/Coding Practice/React JS practice/app2/node_modules/rc-collapse is being purged
87 verbose gentlyRm don't care about contents; nuking /Users/SAMMAO/Desktop/Coding Practice/React JS practice/app2/node_modules/rc-collapse
88 silly gunzTarPerm modes [ '755', '644' ]
89 silly gunzTarPerm extractEntry package.json
90 silly gunzTarPerm extractEntry README.md
91 silly gunzTarPerm extractEntry assets/index.css
92 silly gunzTarPerm extractEntry HISTORY.md
93 silly gunzTarPerm extractEntry lib/Collapse.js
94 silly gunzTarPerm extractEntry lib/Panel.js
95 silly gunzTarPerm extractEntry lib/PanelContent.js
96 silly gunzTarPerm extractEntry lib/index.js
97 silly gunzTarPerm extractEntry lib/openAnimationFactory.js
98 verbose write writing to /Users/SAMMAO/Desktop/Coding Practice/React JS practice/app2/node_modules/rc-collapse/package.json
99 info preinstall rc-collapse@1.6.10
100 verbose readDependencies loading dependencies from /Users/SAMMAO/Desktop/Coding Practice/React JS practice/app2/node_modules/rc-collapse/package.json
101 silly prepareForInstallMany adding classnames@2.x from rc-collapse dependencies
102 silly prepareForInstallMany adding rc-animate@2.x from rc-collapse dependencies
103 silly prepareForInstallMany adding css-animation@1.x from rc-collapse dependencies
104 verbose readDependencies loading dependencies from /Users/SAMMAO/Desktop/Coding Practice/React JS practice/app2/node_modules/rc-collapse/package.json
105 silly cache add args [ 'css-animation@1.x', null ]
106 verbose cache add spec css-animation@1.x
107 silly cache add parsed spec Result {
107 silly cache add   raw: 'css-animation@1.x',
107 silly cache add   scope: null,
107 silly cache add   name: 'css-animation',
107 silly cache add   rawSpec: '1.x',
107 silly cache add   spec: '>=1.0.0 <2.0.0',
107 silly cache add   type: 'range' }
108 silly addNamed css-animation@>=1.0.0 <2.0.0
109 verbose addNamed ">=1.0.0 <2.0.0" is a valid semver range for css-animation
110 silly addNameRange { name: 'css-animation',
110 silly addNameRange   range: '>=1.0.0 <2.0.0',
110 silly addNameRange   hasData: false }
111 silly mapToRegistry name css-animation
112 silly mapToRegistry using default registry
113 silly mapToRegistry registry https://registry.npmjs.org/
114 silly mapToRegistry data Result {
114 silly mapToRegistry   raw: 'css-animation',
114 silly mapToRegistry   scope: null,
114 silly mapToRegistry   name: 'css-animation',
114 silly mapToRegistry   rawSpec: '',
114 silly mapToRegistry   spec: 'latest',
114 silly mapToRegistry   type: 'tag' }
115 silly mapToRegistry uri https://registry.npmjs.org/css-animation
116 verbose addNameRange registry:https://registry.npmjs.org/css-animation not in flight; fetching
117 silly cache add args [ 'classnames@2.x', null ]
118 verbose cache add spec classnames@2.x
119 silly cache add parsed spec Result {
119 silly cache add   raw: 'classnames@2.x',
119 silly cache add   scope: null,
119 silly cache add   name: 'classnames',
119 silly cache add   rawSpec: '2.x',
119 silly cache add   spec: '>=2.0.0 <3.0.0',
119 silly cache add   type: 'range' }
120 silly addNamed classnames@>=2.0.0 <3.0.0
121 verbose addNamed ">=2.0.0 <3.0.0" is a valid semver range for classnames
122 silly addNameRange { name: 'classnames', range: '>=2.0.0 <3.0.0', hasData: false }
123 silly mapToRegistry name classnames
124 silly mapToRegistry using default registry
125 silly mapToRegistry registry https://registry.npmjs.org/
126 silly mapToRegistry data Result {
126 silly mapToRegistry   raw: 'classnames',
126 silly mapToRegistry   scope: null,
126 silly mapToRegistry   name: 'classnames',
126 silly mapToRegistry   rawSpec: '',
126 silly mapToRegistry   spec: 'latest',
126 silly mapToRegistry   type: 'tag' }
127 silly mapToRegistry uri https://registry.npmjs.org/classnames
128 verbose addNameRange registry:https://registry.npmjs.org/classnames not in flight; fetching
129 silly cache add args [ 'rc-animate@2.x', null ]
130 verbose cache add spec rc-animate@2.x
131 silly cache add parsed spec Result {
131 silly cache add   raw: 'rc-animate@2.x',
131 silly cache add   scope: null,
131 silly cache add   name: 'rc-animate',
131 silly cache add   rawSpec: '2.x',
131 silly cache add   spec: '>=2.0.0 <3.0.0',
131 silly cache add   type: 'range' }
132 silly addNamed rc-animate@>=2.0.0 <3.0.0
133 verbose addNamed ">=2.0.0 <3.0.0" is a valid semver range for rc-animate
134 silly addNameRange { name: 'rc-animate', range: '>=2.0.0 <3.0.0', hasData: false }
135 silly mapToRegistry name rc-animate
136 silly mapToRegistry using default registry
137 silly mapToRegistry registry https://registry.npmjs.org/
138 silly mapToRegistry data Result {
138 silly mapToRegistry   raw: 'rc-animate',
138 silly mapToRegistry   scope: null,
138 silly mapToRegistry   name: 'rc-animate',
138 silly mapToRegistry   rawSpec: '',
138 silly mapToRegistry   spec: 'latest',
138 silly mapToRegistry   type: 'tag' }
139 silly mapToRegistry uri https://registry.npmjs.org/rc-animate
140 verbose addNameRange registry:https://registry.npmjs.org/rc-animate not in flight; fetching
141 verbose request uri https://registry.npmjs.org/css-animation
142 verbose request no auth needed
143 info attempt registry request try #1 at 1:47:52 PM
144 verbose request id de6dc221c9c3ddf2
145 verbose etag W/"579ec3a0-65c5"
146 verbose lastModified Mon, 01 Aug 2016 03:36:00 GMT
147 http request GET https://registry.npmjs.org/css-animation
148 verbose request uri https://registry.npmjs.org/classnames
149 verbose request no auth needed
150 info attempt registry request try #1 at 1:47:52 PM
151 verbose etag W/"583e6528-802f"
152 verbose lastModified Wed, 30 Nov 2016 05:35:36 GMT
153 http request GET https://registry.npmjs.org/classnames
154 verbose request uri https://registry.npmjs.org/rc-animate
155 verbose request no auth needed
156 info attempt registry request try #1 at 1:47:52 PM
157 verbose etag W/"579ec645-d900"
158 verbose lastModified Mon, 01 Aug 2016 03:47:17 GMT
159 http request GET https://registry.npmjs.org/rc-animate
160 http 304 https://registry.npmjs.org/css-animation
161 verbose headers { date: 'Sat, 03 Dec 2016 18:47:52 GMT',
161 verbose headers   via: '1.1 varnish',
161 verbose headers   'cache-control': 'max-age=300',
161 verbose headers   etag: 'W/"579ec3a0-65c5"',
161 verbose headers   age: '60',
161 verbose headers   connection: 'keep-alive',
161 verbose headers   'x-served-by': 'cache-jfk8140-JFK',
161 verbose headers   'x-cache': 'HIT',
161 verbose headers   'x-cache-hits': '1',
161 verbose headers   'x-timer': 'S1480790872.741595,VS0,VE0',
161 verbose headers   vary: 'Accept-Encoding' }
162 silly get cb [ 304,
162 silly get   { date: 'Sat, 03 Dec 2016 18:47:52 GMT',
162 silly get     via: '1.1 varnish',
162 silly get     'cache-control': 'max-age=300',
162 silly get     etag: 'W/"579ec3a0-65c5"',
162 silly get     age: '60',
162 silly get     connection: 'keep-alive',
162 silly get     'x-served-by': 'cache-jfk8140-JFK',
162 silly get     'x-cache': 'HIT',
162 silly get     'x-cache-hits': '1',
162 silly get     'x-timer': 'S1480790872.741595,VS0,VE0',
162 silly get     vary: 'Accept-Encoding' } ]
163 verbose etag https://registry.npmjs.org/css-animation from cache
164 verbose get saving css-animation to /Users/SAMMAO/.npm/registry.npmjs.org/css-animation/.cache.json
165 verbose correctMkdir /Users/SAMMAO/.npm correctMkdir not in flight; initializing
166 http 304 https://registry.npmjs.org/rc-animate
167 verbose headers { date: 'Sat, 03 Dec 2016 18:47:52 GMT',
167 verbose headers   via: '1.1 varnish',
167 verbose headers   'cache-control': 'max-age=300',
167 verbose headers   etag: 'W/"579ec645-d900"',
167 verbose headers   age: '60',
167 verbose headers   connection: 'keep-alive',
167 verbose headers   'x-served-by': 'cache-jfk8145-JFK',
167 verbose headers   'x-cache': 'HIT',
167 verbose headers   'x-cache-hits': '1',
167 verbose headers   'x-timer': 'S1480790872.741542,VS0,VE0',
167 verbose headers   vary: 'Accept-Encoding' }
168 silly get cb [ 304,
168 silly get   { date: 'Sat, 03 Dec 2016 18:47:52 GMT',
168 silly get     via: '1.1 varnish',
168 silly get     'cache-control': 'max-age=300',
168 silly get     etag: 'W/"579ec645-d900"',
168 silly get     age: '60',
168 silly get     connection: 'keep-alive',
168 silly get     'x-served-by': 'cache-jfk8145-JFK',
168 silly get     'x-cache': 'HIT',
168 silly get     'x-cache-hits': '1',
168 silly get     'x-timer': 'S1480790872.741542,VS0,VE0',
168 silly get     vary: 'Accept-Encoding' } ]
169 verbose etag https://registry.npmjs.org/rc-animate from cache
170 verbose get saving rc-animate to /Users/SAMMAO/.npm/registry.npmjs.org/rc-animate/.cache.json
171 verbose correctMkdir /Users/SAMMAO/.npm correctMkdir not in flight; initializing
172 http 304 https://registry.npmjs.org/classnames
173 verbose headers { date: 'Sat, 03 Dec 2016 18:47:52 GMT',
173 verbose headers   via: '1.1 varnish',
173 verbose headers   'cache-control': 'max-age=300',
173 verbose headers   etag: 'W/"583e6528-802f"',
173 verbose headers   age: '277',
173 verbose headers   connection: 'keep-alive',
173 verbose headers   'x-served-by': 'cache-jfk8148-JFK',
173 verbose headers   'x-cache': 'HIT',
173 verbose headers   'x-cache-hits': '1',
173 verbose headers   'x-timer': 'S1480790872.741997,VS0,VE0',
173 verbose headers   vary: 'Accept-Encoding' }
174 silly get cb [ 304,
174 silly get   { date: 'Sat, 03 Dec 2016 18:47:52 GMT',
174 silly get     via: '1.1 varnish',
174 silly get     'cache-control': 'max-age=300',
174 silly get     etag: 'W/"583e6528-802f"',
174 silly get     age: '277',
174 silly get     connection: 'keep-alive',
174 silly get     'x-served-by': 'cache-jfk8148-JFK',
174 silly get     'x-cache': 'HIT',
174 silly get     'x-cache-hits': '1',
174 silly get     'x-timer': 'S1480790872.741997,VS0,VE0',
174 silly get     vary: 'Accept-Encoding' } ]
175 verbose etag https://registry.npmjs.org/classnames from cache
176 verbose get saving classnames to /Users/SAMMAO/.npm/registry.npmjs.org/classnames/.cache.json
177 verbose correctMkdir /Users/SAMMAO/.npm correctMkdir not in flight; initializing
178 silly addNameRange number 2 { name: 'rc-animate', range: '>=2.0.0 <3.0.0', hasData: true }
179 silly addNameRange versions [ 'rc-animate',
179 silly addNameRange   [ '1.0.0',
179 silly addNameRange     '1.0.1',
179 silly addNameRange     '1.0.2',
179 silly addNameRange     '1.0.3',
179 silly addNameRange     '1.0.4',
179 silly addNameRange     '1.0.5',
179 silly addNameRange     '1.1.0',
179 silly addNameRange     '1.2.0',
179 silly addNameRange     '1.2.1',
179 silly addNameRange     '1.2.2',
179 silly addNameRange     '1.2.3',
179 silly addNameRange     '1.2.4',
179 silly addNameRange     '1.2.5',
179 silly addNameRange     '1.2.6',
179 silly addNameRange     '1.2.7',
179 silly addNameRange     '1.2.8',
179 silly addNameRange     '1.2.9',
179 silly addNameRange     '1.3.0',
179 silly addNameRange     '2.0.0',
179 silly addNameRange     '2.0.1',
179 silly addNameRange     '2.0.2',
179 silly addNameRange     '2.0.3',
179 silly addNameRange     '2.0.4',
179 silly addNameRange     '2.1.0',
179 silly addNameRange     '2.2.0',
179 silly addNameRange     '2.2.1',
179 silly addNameRange     '2.2.2',
179 silly addNameRange     '2.3.0',
179 silly addNameRange     '2.3.1' ] ]
180 silly addNamed rc-animate@2.3.1
181 verbose addNamed "2.3.1" is a plain semver version for rc-animate
182 silly addNameRange number 2 { name: 'classnames', range: '>=2.0.0 <3.0.0', hasData: true }
183 silly addNameRange versions [ 'classnames',
183 silly addNameRange   [ '1.0.0',
183 silly addNameRange     '1.1.0',
183 silly addNameRange     '1.1.1',
183 silly addNameRange     '1.1.2',
183 silly addNameRange     '1.1.3',
183 silly addNameRange     '1.1.4',
183 silly addNameRange     '1.2.0',
183 silly addNameRange     '1.2.1',
183 silly addNameRange     '1.2.2',
183 silly addNameRange     '2.0.0',
183 silly addNameRange     '2.1.0',
183 silly addNameRange     '2.1.1',
183 silly addNameRange     '2.1.2',
183 silly addNameRange     '2.1.3',
183 silly addNameRange     '2.1.4',
183 silly addNameRange     '2.1.5',
183 silly addNameRange     '2.2.0',
183 silly addNameRange     '2.2.1',
183 silly addNameRange     '2.2.2',
183 silly addNameRange     '2.2.3',
183 silly addNameRange     '2.2.4',
183 silly addNameRange     '2.2.5' ] ]
184 silly addNamed classnames@2.2.5
185 verbose addNamed "2.2.5" is a plain semver version for classnames
186 silly addNameRange number 2 { name: 'css-animation', range: '>=1.0.0 <2.0.0', hasData: true }
187 silly addNameRange versions [ 'css-animation',
187 silly addNameRange   [ '1.0.0',
187 silly addNameRange     '1.0.1',
187 silly addNameRange     '1.0.2',
187 silly addNameRange     '1.0.3',
187 silly addNameRange     '1.0.4',
187 silly addNameRange     '1.0.5',
187 silly addNameRange     '1.1.0',
187 silly addNameRange     '1.1.1',
187 silly addNameRange     '1.2.0',
187 silly addNameRange     '1.2.1',
187 silly addNameRange     '1.2.2',
187 silly addNameRange     '1.2.3',
187 silly addNameRange     '1.2.5',
187 silly addNameRange     '1.2.6',
187 silly addNameRange     '1.3.0' ] ]
188 silly addNamed css-animation@1.3.0
189 verbose addNamed "1.3.0" is a plain semver version for css-animation
190 silly cache afterAdd rc-animate@2.3.1
191 verbose afterAdd /Users/SAMMAO/.npm/rc-animate/2.3.1/package/package.json not in flight; writing
192 verbose correctMkdir /Users/SAMMAO/.npm correctMkdir not in flight; initializing
193 silly cache afterAdd classnames@2.2.5
194 verbose afterAdd /Users/SAMMAO/.npm/classnames/2.2.5/package/package.json not in flight; writing
195 verbose correctMkdir /Users/SAMMAO/.npm correctMkdir not in flight; initializing
196 silly cache afterAdd css-animation@1.3.0
197 verbose afterAdd /Users/SAMMAO/.npm/css-animation/1.3.0/package/package.json not in flight; writing
198 verbose correctMkdir /Users/SAMMAO/.npm correctMkdir not in flight; initializing
199 verbose afterAdd /Users/SAMMAO/.npm/rc-animate/2.3.1/package/package.json written
200 verbose afterAdd /Users/SAMMAO/.npm/css-animation/1.3.0/package/package.json written
201 verbose afterAdd /Users/SAMMAO/.npm/classnames/2.2.5/package/package.json written
202 silly install resolved [ { name: 'rc-animate',
202 silly install resolved     version: '2.3.1',
202 silly install resolved     description: 'css-transition ui component for react',
202 silly install resolved     keywords: [ 'react', 'react-component', 'react-animate', 'animate' ],
202 silly install resolved     files: [ 'lib' ],
202 silly install resolved     homepage: 'https://github.com/react-component/animate',
202 silly install resolved     author: '',
202 silly install resolved     repository:
202 silly install resolved      { type: 'git',
202 silly install resolved        url: 'git+ssh://git@github.com/react-component/animate.git' },
202 silly install resolved     bugs: { url: 'http://github.com/react-component/animate/issues' },
202 silly install resolved     licenses: 'MIT',
202 silly install resolved     main: './lib/index',
202 silly install resolved     config: { port: 8200 },
202 silly install resolved     scripts:
202 silly install resolved      { build: 'rc-tools run build',
202 silly install resolved        'gh-pages': 'rc-tools run gh-pages',
202 silly install resolved        start: 'rc-tools run server',
202 silly install resolved        pub: 'rc-tools run pub',
202 silly install resolved        lint: 'rc-tools run lint',
202 silly install resolved        karma: 'rc-tools run karma',
202 silly install resolved        saucelabs: 'rc-tools run saucelabs',
202 silly install resolved        test: 'rc-tools run test',
202 silly install resolved        'chrome-test': 'rc-tools run chrome-test',
202 silly install resolved        coverage: 'rc-tools run coverage' },
202 silly install resolved     devDependencies:
202 silly install resolved      { 'expect.js': '0.3.x',
202 silly install resolved        jquery: '~1.11.3',
202 silly install resolved        'object-assign': '4.x',
202 silly install resolved        'pre-commit': '1.x',
202 silly install resolved        'rc-tools': '5.x',
202 silly install resolved        react: '15.x',
202 silly install resolved        'react-dom': '15.x',
202 silly install resolved        'react-addons-test-utils': '15.x',
202 silly install resolved        'velocity-animate': '~1.2.2' },
202 silly install resolved     'pre-commit': [ 'lint' ],
202 silly install resolved     dependencies: { 'css-animation': '^1.3.0' },
202 silly install resolved     gitHead: 'df8e4103fd253c3a51dccdfd6591bf3b2c2ef1fe',
202 silly install resolved     _id: 'rc-animate@2.3.1',
202 silly install resolved     _shasum: 'eacda46bf589d857f640c53953d92e07cb688636',
202 silly install resolved     _from: 'rc-animate@>=2.0.0 <3.0.0',
202 silly install resolved     _npmVersion: '3.9.5',
202 silly install resolved     _nodeVersion: '4.4.5',
202 silly install resolved     _npmUser: { name: 'yiminghe', email: 'yiminghe@gmail.com' },
202 silly install resolved     maintainers: [ [Object], [Object] ],
202 silly install resolved     dist:
202 silly install resolved      { shasum: 'eacda46bf589d857f640c53953d92e07cb688636',
202 silly install resolved        tarball: 'https://registry.npmjs.org/rc-animate/-/rc-animate-2.3.1.tgz' },
202 silly install resolved     _npmOperationalInternal:
202 silly install resolved      { host: 'packages-12-west.internal.npmjs.com',
202 silly install resolved        tmp: 'tmp/rc-animate-2.3.1.tgz_1470023236006_0.19832818489521742' },
202 silly install resolved     directories: {},
202 silly install resolved     _resolved: 'https://registry.npmjs.org/rc-animate/-/rc-animate-2.3.1.tgz',
202 silly install resolved     readme: 'ERROR: No README data found!' },
202 silly install resolved   { name: 'css-animation',
202 silly install resolved     version: '1.3.0',
202 silly install resolved     description: 'css-animation',
202 silly install resolved     keywords: [ 'css-animation' ],
202 silly install resolved     homepage: 'http://github.com/yiminghe/css-animation',
202 silly install resolved     author: '',
202 silly install resolved     repository:
202 silly install resolved      { type: 'git',
202 silly install resolved        url: 'git+ssh://git@github.com/yiminghe/css-animation.git' },
202 silly install resolved     bugs: { url: 'http://github.com/yiminghe/css-animation/issues' },
202 silly install resolved     licenses: 'MIT',
202 silly install resolved     main: './lib/index',
202 silly install resolved     files: [ 'lib', 'assets/*.css' ],
202 silly install resolved     config: { port: 9001 },
202 silly install resolved     scripts:
202 silly install resolved      { build: 'rc-tools run build',
202 silly install resolved        'gh-pages': 'rc-tools run gh-pages',
202 silly install resolved        start: 'rc-tools run server',
202 silly install resolved        pub: 'rc-tools run pub',
202 silly install resolved        lint: 'rc-tools run lint',
202 silly install resolved        karma: 'rc-tools run karma',
202 silly install resolved        saucelabs: 'rc-tools run saucelabs',
202 silly install resolved        test: 'rc-tools run test',
202 silly install resolved        'chrome-test': 'rc-tools run chrome-test',
202 silly install resolved        coverage: 'rc-tools run coverage' },
202 silly install resolved     devDependencies:
202 silly install resolved      { 'expect.js': '0.3.x',
202 silly install resolved        'pre-commit': '1.x',
202 silly install resolved        'rc-tools': '5.x',
202 silly install resolved        react: '0.14.x',
202 silly install resolved        'react-dom': '0.14.x' },
202 silly install resolved     'pre-commit': [ 'lint' ],
202 silly install resolved     dependencies: { 'component-classes': '^1.2.5' },
202 silly install resolved     gitHead: '3d420df60db81d8fa2dfdd2a5eddd0abd8dd0304',
202 silly install resolved     _id: 'css-animation@1.3.0',
202 silly install resolved     _shasum: '315d9742bbe282c23b9951ceac2aa53cee05b708',
202 silly install resolved     _from: 'css-animation@>=1.0.0 <2.0.0',
202 silly install resolved     _npmVersion: '3.9.5',
202 silly install resolved     _nodeVersion: '4.4.5',
202 silly install resolved     _npmUser: { name: 'yiminghe', email: 'yiminghe@gmail.com' },
202 silly install resolved     maintainers: [ [Object] ],
202 silly install resolved     dist:
202 silly install resolved      { shasum: '315d9742bbe282c23b9951ceac2aa53cee05b708',
202 silly install resolved        tarball: 'https://registry.npmjs.org/css-animation/-/css-animation-1.3.0.tgz' },
202 silly install resolved     _npmOperationalInternal:
202 silly install resolved      { host: 'packages-16-east.internal.npmjs.com',
202 silly install resolved        tmp: 'tmp/css-animation-1.3.0.tgz_1470022560264_0.22881955350749195' },
202 silly install resolved     directories: {},
202 silly install resolved     _resolved: 'https://registry.npmjs.org/css-animation/-/css-animation-1.3.0.tgz',
202 silly install resolved     readme: 'ERROR: No README data found!' },
202 silly install resolved   { name: 'classnames',
202 silly install resolved     version: '2.2.5',
202 silly install resolved     description: 'A simple utility for conditionally joining classNames together',
202 silly install resolved     main: 'index.js',
202 silly install resolved     author: { name: 'Jed Watson' },
202 silly install resolved     license: 'MIT',
202 silly install resolved     repository:
202 silly install resolved      { type: 'git',
202 silly install resolved        url: 'git+https://github.com/JedWatson/classnames.git' },
202 silly install resolved     scripts:
202 silly install resolved      { benchmarks: 'node ./benchmarks/run',
202 silly install resolved        unit: 'mocha tests/*.js',
202 silly install resolved        test: 'npm run unit' },
202 silly install resolved     keywords:
202 silly install resolved      [ 'react',
202 silly install resolved        'css',
202 silly install resolved        'classes',
202 silly install resolved        'classname',
202 silly install resolved        'classnames',
202 silly install resolved        'util',
202 silly install resolved        'utility' ],
202 silly install resolved     devDependencies: { benchmark: '^1.0.0', mocha: '^2.1.0' },
202 silly install resolved     gitHead: '1fc62c0490bfc7d67a1178bbb60897cfa0580c7b',
202 silly install resolved     bugs: { url: 'https://github.com/JedWatson/classnames/issues' },
202 silly install resolved     homepage: 'https://github.com/JedWatson/classnames#readme',
202 silly install resolved     _id: 'classnames@2.2.5',
202 silly install resolved     _shasum: 'fb3801d453467649ef3603c7d61a02bd129bde6d',
202 silly install resolved     _from: 'classnames@>=2.0.0 <3.0.0',
202 silly install resolved     _npmVersion: '3.3.6',
202 silly install resolved     _nodeVersion: '5.0.0',
202 silly install resolved     _npmUser: { name: 'jedwatson', email: 'jed.watson@me.com' },
202 silly install resolved     maintainers: [ [Object] ],
202 silly install resolved     dist:
202 silly install resolved      { shasum: 'fb3801d453467649ef3603c7d61a02bd129bde6d',
202 silly install resolved        tarball: 'https://registry.npmjs.org/classnames/-/classnames-2.2.5.tgz' },
202 silly install resolved     _npmOperationalInternal:
202 silly install resolved      { host: 'packages-12-west.internal.npmjs.com',
202 silly install resolved        tmp: 'tmp/classnames-2.2.5.tgz_1462195436082_0.17347457958385348' },
202 silly install resolved     directories: {},
202 silly install resolved     _resolved: 'https://registry.npmjs.org/classnames/-/classnames-2.2.5.tgz',
202 silly install resolved     readme: 'ERROR: No README data found!' } ]
203 info install rc-animate@2.3.1 into /Users/SAMMAO/Desktop/Coding Practice/React JS practice/app2/node_modules/rc-collapse
204 info install css-animation@1.3.0 into /Users/SAMMAO/Desktop/Coding Practice/React JS practice/app2/node_modules/rc-collapse
205 info install classnames@2.2.5 into /Users/SAMMAO/Desktop/Coding Practice/React JS practice/app2/node_modules/rc-collapse
206 info installOne rc-animate@2.3.1
207 verbose installOne of rc-animate to /Users/SAMMAO/Desktop/Coding Practice/React JS practice/app2/node_modules/rc-collapse not in flight; installing
208 verbose correctMkdir /Users/SAMMAO/.npm/_locks correctMkdir not in flight; initializing
209 info installOne css-animation@1.3.0
210 verbose installOne of css-animation to /Users/SAMMAO/Desktop/Coding Practice/React JS practice/app2/node_modules/rc-collapse not in flight; installing
211 verbose correctMkdir /Users/SAMMAO/.npm/_locks correctMkdir not in flight; initializing
212 info installOne classnames@2.2.5
213 verbose installOne of classnames to /Users/SAMMAO/Desktop/Coding Practice/React JS practice/app2/node_modules/rc-collapse not in flight; installing
214 verbose correctMkdir /Users/SAMMAO/.npm/_locks correctMkdir not in flight; initializing
215 verbose lock using /Users/SAMMAO/.npm/_locks/rc-animate-1d91a1de82dd20e9.lock for /Users/SAMMAO/Desktop/Coding Practice/React JS practice/app2/node_modules/rc-collapse/node_modules/rc-animate
216 verbose lock using /Users/SAMMAO/.npm/_locks/classnames-81074423e0097598.lock for /Users/SAMMAO/Desktop/Coding Practice/React JS practice/app2/node_modules/rc-collapse/node_modules/classnames
217 silly install write writing rc-animate 2.3.1 to /Users/SAMMAO/Desktop/Coding Practice/React JS practice/app2/node_modules/rc-collapse/node_modules/rc-animate
218 silly install write writing classnames 2.2.5 to /Users/SAMMAO/Desktop/Coding Practice/React JS practice/app2/node_modules/rc-collapse/node_modules/classnames
219 verbose unbuild node_modules/rc-collapse/node_modules/classnames
220 verbose unbuild node_modules/rc-collapse/node_modules/rc-animate
221 silly gentlyRm /Users/SAMMAO/Desktop/Coding Practice/React JS practice/app2/node_modules/rc-collapse/node_modules/classnames is being purged from base /Users/SAMMAO/Desktop/Coding Practice/React JS practice/app2
222 verbose gentlyRm don't care about contents; nuking /Users/SAMMAO/Desktop/Coding Practice/React JS practice/app2/node_modules/rc-collapse/node_modules/classnames
223 silly gentlyRm /Users/SAMMAO/Desktop/Coding Practice/React JS practice/app2/node_modules/rc-collapse/node_modules/rc-animate is being purged from base /Users/SAMMAO/Desktop/Coding Practice/React JS practice/app2
224 verbose gentlyRm don't care about contents; nuking /Users/SAMMAO/Desktop/Coding Practice/React JS practice/app2/node_modules/rc-collapse/node_modules/rc-animate
225 verbose tar unpack /Users/SAMMAO/.npm/classnames/2.2.5/package.tgz
226 verbose tar unpacking to /Users/SAMMAO/Desktop/Coding Practice/React JS practice/app2/node_modules/rc-collapse/node_modules/classnames
227 silly gentlyRm /Users/SAMMAO/Desktop/Coding Practice/React JS practice/app2/node_modules/rc-collapse/node_modules/classnames is being purged
228 verbose gentlyRm don't care about contents; nuking /Users/SAMMAO/Desktop/Coding Practice/React JS practice/app2/node_modules/rc-collapse/node_modules/classnames
229 verbose tar unpack /Users/SAMMAO/.npm/rc-animate/2.3.1/package.tgz
230 verbose tar unpacking to /Users/SAMMAO/Desktop/Coding Practice/React JS practice/app2/node_modules/rc-collapse/node_modules/rc-animate
231 silly gentlyRm /Users/SAMMAO/Desktop/Coding Practice/React JS practice/app2/node_modules/rc-collapse/node_modules/rc-animate is being purged
232 verbose gentlyRm don't care about contents; nuking /Users/SAMMAO/Desktop/Coding Practice/React JS practice/app2/node_modules/rc-collapse/node_modules/rc-animate
233 silly gunzTarPerm modes [ '755', '644' ]
234 silly gunzTarPerm modes [ '755', '644' ]
235 silly gunzTarPerm extractEntry package.json
236 silly gunzTarPerm extractEntry package.json
237 silly gunzTarPerm extractEntry README.md
238 silly gunzTarPerm extractEntry HISTORY.md
239 silly gunzTarPerm extractEntry README.md
240 silly gunzTarPerm extractEntry LICENSE
241 silly gunzTarPerm extractEntry bind.js
242 silly gunzTarPerm extractEntry dedupe.js
243 silly gunzTarPerm extractEntry lib/Animate.js
244 silly gunzTarPerm extractEntry lib/AnimateChild.js
245 silly gunzTarPerm extractEntry lib/ChildrenUtils.js
246 silly gunzTarPerm extractEntry lib/index.js
247 silly gunzTarPerm extractEntry lib/util.js
248 silly gunzTarPerm extractEntry index.js
249 silly gunzTarPerm extractEntry CONTRIBUTING.md
250 silly gunzTarPerm extractEntry bower.json
251 silly gunzTarPerm extractEntry HISTORY.md
252 verbose write writing to /Users/SAMMAO/Desktop/Coding Practice/React JS practice/app2/node_modules/rc-collapse/node_modules/rc-animate/package.json
253 info preinstall rc-animate@2.3.1
254 verbose readDependencies loading dependencies from /Users/SAMMAO/Desktop/Coding Practice/React JS practice/app2/node_modules/rc-collapse/node_modules/rc-animate/package.json
255 verbose write writing to /Users/SAMMAO/Desktop/Coding Practice/React JS practice/app2/node_modules/rc-collapse/node_modules/classnames/package.json
256 verbose readDependencies loading dependencies from /Users/SAMMAO/Desktop/Coding Practice/React JS practice/app2/node_modules/rc-collapse/node_modules/rc-animate/package.json
257 info preinstall classnames@2.2.5
258 verbose readDependencies loading dependencies from /Users/SAMMAO/Desktop/Coding Practice/React JS practice/app2/node_modules/rc-collapse/node_modules/classnames/package.json
259 silly install resolved []
260 verbose about to build /Users/SAMMAO/Desktop/Coding Practice/React JS practice/app2/node_modules/rc-collapse/node_modules/rc-animate
261 info build /Users/SAMMAO/Desktop/Coding Practice/React JS practice/app2/node_modules/rc-collapse/node_modules/rc-animate
262 verbose readDependencies loading dependencies from /Users/SAMMAO/Desktop/Coding Practice/React JS practice/app2/node_modules/rc-collapse/node_modules/classnames/package.json
263 info linkStuff rc-animate@2.3.1
264 silly linkStuff rc-animate@2.3.1 has /Users/SAMMAO/Desktop/Coding Practice/React JS practice/app2/node_modules/rc-collapse/node_modules as its parent node_modules
265 silly install resolved []
266 verbose about to build /Users/SAMMAO/Desktop/Coding Practice/React JS practice/app2/node_modules/rc-collapse/node_modules/classnames
267 info build /Users/SAMMAO/Desktop/Coding Practice/React JS practice/app2/node_modules/rc-collapse/node_modules/classnames
268 verbose linkBins rc-animate@2.3.1
269 verbose linkMans rc-animate@2.3.1
270 verbose rebuildBundles rc-animate@2.3.1
271 info install rc-animate@2.3.1
272 info linkStuff classnames@2.2.5
273 silly linkStuff classnames@2.2.5 has /Users/SAMMAO/Desktop/Coding Practice/React JS practice/app2/node_modules/rc-collapse/node_modules as its parent node_modules
274 info postinstall rc-animate@2.3.1
275 verbose unlock done using /Users/SAMMAO/.npm/_locks/rc-animate-1d91a1de82dd20e9.lock for /Users/SAMMAO/Desktop/Coding Practice/React JS practice/app2/node_modules/rc-collapse/node_modules/rc-animate
276 verbose linkBins classnames@2.2.5
277 verbose linkMans classnames@2.2.5
278 verbose rebuildBundles classnames@2.2.5
279 info install classnames@2.2.5
280 info postinstall classnames@2.2.5
281 verbose unlock done using /Users/SAMMAO/.npm/_locks/classnames-81074423e0097598.lock for /Users/SAMMAO/Desktop/Coding Practice/React JS practice/app2/node_modules/rc-collapse/node_modules/classnames
282 verbose lock using /Users/SAMMAO/.npm/_locks/css-animation-be76c19b5fc2ec10.lock for /Users/SAMMAO/Desktop/Coding Practice/React JS practice/app2/node_modules/rc-collapse/node_modules/css-animation
283 silly install write writing css-animation 1.3.0 to /Users/SAMMAO/Desktop/Coding Practice/React JS practice/app2/node_modules/rc-collapse/node_modules/css-animation
284 verbose unbuild node_modules/rc-collapse/node_modules/css-animation
285 silly gentlyRm /Users/SAMMAO/Desktop/Coding Practice/React JS practice/app2/node_modules/rc-collapse/node_modules/css-animation is being purged from base /Users/SAMMAO/Desktop/Coding Practice/React JS practice/app2
286 verbose gentlyRm don't care about contents; nuking /Users/SAMMAO/Desktop/Coding Practice/React JS practice/app2/node_modules/rc-collapse/node_modules/css-animation
287 verbose tar unpack /Users/SAMMAO/.npm/css-animation/1.3.0/package.tgz
288 verbose tar unpacking to /Users/SAMMAO/Desktop/Coding Practice/React JS practice/app2/node_modules/rc-collapse/node_modules/css-animation
289 silly gentlyRm /Users/SAMMAO/Desktop/Coding Practice/React JS practice/app2/node_modules/rc-collapse/node_modules/css-animation is being purged
290 verbose gentlyRm don't care about contents; nuking /Users/SAMMAO/Desktop/Coding Practice/React JS practice/app2/node_modules/rc-collapse/node_modules/css-animation
291 silly gunzTarPerm modes [ '755', '644' ]
292 silly gunzTarPerm extractEntry package.json
293 silly gunzTarPerm extractEntry README.md
294 silly gunzTarPerm extractEntry HISTORY.md
295 silly gunzTarPerm extractEntry lib/Event.js
296 silly gunzTarPerm extractEntry lib/index.js
297 verbose write writing to /Users/SAMMAO/Desktop/Coding Practice/React JS practice/app2/node_modules/rc-collapse/node_modules/css-animation/package.json
298 info preinstall css-animation@1.3.0
299 verbose readDependencies loading dependencies from /Users/SAMMAO/Desktop/Coding Practice/React JS practice/app2/node_modules/rc-collapse/node_modules/css-animation/package.json
300 silly prepareForInstallMany adding component-classes@^1.2.5 from css-animation dependencies
301 verbose readDependencies loading dependencies from /Users/SAMMAO/Desktop/Coding Practice/React JS practice/app2/node_modules/rc-collapse/node_modules/css-animation/package.json
302 silly cache add args [ 'component-classes@^1.2.5', null ]
303 verbose cache add spec component-classes@^1.2.5
304 silly cache add parsed spec Result {
304 silly cache add   raw: 'component-classes@^1.2.5',
304 silly cache add   scope: null,
304 silly cache add   name: 'component-classes',
304 silly cache add   rawSpec: '^1.2.5',
304 silly cache add   spec: '>=1.2.5 <2.0.0',
304 silly cache add   type: 'range' }
305 silly addNamed component-classes@>=1.2.5 <2.0.0
306 verbose addNamed ">=1.2.5 <2.0.0" is a valid semver range for component-classes
307 silly addNameRange { name: 'component-classes',
307 silly addNameRange   range: '>=1.2.5 <2.0.0',
307 silly addNameRange   hasData: false }
308 silly mapToRegistry name component-classes
309 silly mapToRegistry using default registry
310 silly mapToRegistry registry https://registry.npmjs.org/
311 silly mapToRegistry data Result {
311 silly mapToRegistry   raw: 'component-classes',
311 silly mapToRegistry   scope: null,
311 silly mapToRegistry   name: 'component-classes',
311 silly mapToRegistry   rawSpec: '',
311 silly mapToRegistry   spec: 'latest',
311 silly mapToRegistry   type: 'tag' }
312 silly mapToRegistry uri https://registry.npmjs.org/component-classes
313 verbose addNameRange registry:https://registry.npmjs.org/component-classes not in flight; fetching
314 verbose request uri https://registry.npmjs.org/component-classes
315 verbose request no auth needed
316 info attempt registry request try #1 at 1:47:53 PM
317 verbose etag W/"56fecc41-4c93"
318 verbose lastModified Fri, 01 Apr 2016 19:30:09 GMT
319 http request GET https://registry.npmjs.org/component-classes
320 http 304 https://registry.npmjs.org/component-classes
321 verbose headers { date: 'Sat, 03 Dec 2016 18:47:53 GMT',
321 verbose headers   via: '1.1 varnish',
321 verbose headers   'cache-control': 'max-age=300',
321 verbose headers   etag: 'W/"56fecc41-4c93"',
321 verbose headers   age: '60',
321 verbose headers   connection: 'keep-alive',
321 verbose headers   'x-served-by': 'cache-jfk8140-JFK',
321 verbose headers   'x-cache': 'HIT',
321 verbose headers   'x-cache-hits': '1',
321 verbose headers   'x-timer': 'S1480790873.257107,VS0,VE0',
321 verbose headers   vary: 'Accept-Encoding' }
322 silly get cb [ 304,
322 silly get   { date: 'Sat, 03 Dec 2016 18:47:53 GMT',
322 silly get     via: '1.1 varnish',
322 silly get     'cache-control': 'max-age=300',
322 silly get     etag: 'W/"56fecc41-4c93"',
322 silly get     age: '60',
322 silly get     connection: 'keep-alive',
322 silly get     'x-served-by': 'cache-jfk8140-JFK',
322 silly get     'x-cache': 'HIT',
322 silly get     'x-cache-hits': '1',
322 silly get     'x-timer': 'S1480790873.257107,VS0,VE0',
322 silly get     vary: 'Accept-Encoding' } ]
323 verbose etag https://registry.npmjs.org/component-classes from cache
324 verbose get saving component-classes to /Users/SAMMAO/.npm/registry.npmjs.org/component-classes/.cache.json
325 verbose correctMkdir /Users/SAMMAO/.npm correctMkdir not in flight; initializing
326 silly addNameRange number 2 { name: 'component-classes',
326 silly addNameRange   range: '>=1.2.5 <2.0.0',
326 silly addNameRange   hasData: true }
327 silly addNameRange versions [ 'component-classes',
327 silly addNameRange   [ '1.2.0', '1.2.1', '1.2.2', '1.2.3', '1.2.4', '1.2.5', '1.2.6' ] ]
328 silly addNamed component-classes@1.2.6
329 verbose addNamed "1.2.6" is a plain semver version for component-classes
330 silly cache afterAdd component-classes@1.2.6
331 verbose afterAdd /Users/SAMMAO/.npm/component-classes/1.2.6/package/package.json not in flight; writing
332 verbose correctMkdir /Users/SAMMAO/.npm correctMkdir not in flight; initializing
333 verbose afterAdd /Users/SAMMAO/.npm/component-classes/1.2.6/package/package.json written
334 silly install resolved [ { name: 'component-classes',
334 silly install resolved     version: '1.2.6',
334 silly install resolved     description: 'Cross-browser element class list',
334 silly install resolved     keywords: [ 'dom', 'html', 'classList', 'class', 'ui' ],
334 silly install resolved     dependencies: { 'component-indexof': '0.0.3' },
334 silly install resolved     browser: { indexof: 'component-indexof' },
334 silly install resolved     component: { scripts: [Object] },
334 silly install resolved     repository:
334 silly install resolved      { type: 'git',
334 silly install resolved        url: 'git+https://github.com/component/classes.git' },
334 silly install resolved     license: 'MIT',
334 silly install resolved     devDependencies: { component: '^0.19.9', 'component-test': '^0.1.4' },
334 silly install resolved     gitHead: 'b2a31607c018ec3ed0c06733b8dc4220aca86a74',
334 silly install resolved     bugs: { url: 'https://github.com/component/classes/issues' },
334 silly install resolved     homepage: 'https://github.com/component/classes#readme',
334 silly install resolved     _id: 'component-classes@1.2.6',
334 silly install resolved     scripts: {},
334 silly install resolved     _shasum: 'c642394c3618a4d8b0b8919efccbbd930e5cd691',
334 silly install resolved     _from: 'component-classes@>=1.2.5 <2.0.0',
334 silly install resolved     _npmVersion: '3.7.3',
334 silly install resolved     _nodeVersion: '5.9.1',
334 silly install resolved     _npmUser: { name: 'ockham', email: 'ockham@raz.or.at' },
334 silly install resolved     dist:
334 silly install resolved      { shasum: 'c642394c3618a4d8b0b8919efccbbd930e5cd691',
334 silly install resolved        tarball: 'https://registry.npmjs.org/component-classes/-/component-classes-1.2.6.tgz' },
334 silly install resolved     maintainers:
334 silly install resolved      [ [Object],
334 silly install resolved        [Object],
334 silly install resolved        [Object],
334 silly install resolved        [Object],
334 silly install resolved        [Object],
334 silly install resolved        [Object],
334 silly install resolved        [Object],
334 silly install resolved        [Object],
334 silly install resolved        [Object],
334 silly install resolved        [Object],
334 silly install resolved        [Object],
334 silly install resolved        [Object],
334 silly install resolved        [Object],
334 silly install resolved        [Object],
334 silly install resolved        [Object],
334 silly install resolved        [Object],
334 silly install resolved        [Object],
334 silly install resolved        [Object],
334 silly install resolved        [Object],
334 silly install resolved        [Object],
334 silly install resolved        [Object],
334 silly install resolved        [Object],
334 silly install resolved        [Object],
334 silly install resolved        [Object],
334 silly install resolved        [Object],
334 silly install resolved        [Object],
334 silly install resolved        [Object],
334 silly install resolved        [Object],
334 silly install resolved        [Object],
334 silly install resolved        [Object],
334 silly install resolved        [Object],
334 silly install resolved        [Object] ],
334 silly install resolved     _npmOperationalInternal:
334 silly install resolved      { host: 'packages-12-west.internal.npmjs.com',
334 silly install resolved        tmp: 'tmp/component-classes-1.2.6.tgz_1459539007785_0.8377398413140327' },
334 silly install resolved     directories: {},
334 silly install resolved     _resolved: 'https://registry.npmjs.org/component-classes/-/component-classes-1.2.6.tgz',
334 silly install resolved     readme: 'ERROR: No README data found!' } ]
335 info install component-classes@1.2.6 into /Users/SAMMAO/Desktop/Coding Practice/React JS practice/app2/node_modules/rc-collapse/node_modules/css-animation
336 info installOne component-classes@1.2.6
337 verbose installOne of component-classes to /Users/SAMMAO/Desktop/Coding Practice/React JS practice/app2/node_modules/rc-collapse/node_modules/css-animation not in flight; installing
338 verbose correctMkdir /Users/SAMMAO/.npm/_locks correctMkdir not in flight; initializing
339 verbose lock using /Users/SAMMAO/.npm/_locks/component-classes-a3cc7fb15786fd41.lock for /Users/SAMMAO/Desktop/Coding Practice/React JS practice/app2/node_modules/rc-collapse/node_modules/css-animation/node_modules/component-classes
340 silly install write writing component-classes 1.2.6 to /Users/SAMMAO/Desktop/Coding Practice/React JS practice/app2/node_modules/rc-collapse/node_modules/css-animation/node_modules/component-classes
341 verbose unbuild node_modules/rc-collapse/node_modules/css-animation/node_modules/component-classes
342 silly gentlyRm /Users/SAMMAO/Desktop/Coding Practice/React JS practice/app2/node_modules/rc-collapse/node_modules/css-animation/node_modules/component-classes is being purged from base /Users/SAMMAO/Desktop/Coding Practice/React JS practice/app2
343 verbose gentlyRm don't care about contents; nuking /Users/SAMMAO/Desktop/Coding Practice/React JS practice/app2/node_modules/rc-collapse/node_modules/css-animation/node_modules/component-classes
344 verbose tar unpack /Users/SAMMAO/.npm/component-classes/1.2.6/package.tgz
345 verbose tar unpacking to /Users/SAMMAO/Desktop/Coding Practice/React JS practice/app2/node_modules/rc-collapse/node_modules/css-animation/node_modules/component-classes
346 silly gentlyRm /Users/SAMMAO/Desktop/Coding Practice/React JS practice/app2/node_modules/rc-collapse/node_modules/css-animation/node_modules/component-classes is being purged
347 verbose gentlyRm don't care about contents; nuking /Users/SAMMAO/Desktop/Coding Practice/React JS practice/app2/node_modules/rc-collapse/node_modules/css-animation/node_modules/component-classes
348 silly gunzTarPerm modes [ '755', '644' ]
349 silly gunzTarPerm extractEntry package.json
350 silly gunzTarPerm modified mode [ 'package.json', 436, 420 ]
351 silly gunzTarPerm extractEntry .npmignore
352 silly gunzTarPerm modified mode [ '.npmignore', 436, 420 ]
353 silly gunzTarPerm extractEntry index.js
354 silly gunzTarPerm modified mode [ 'index.js', 436, 420 ]
355 silly gunzTarPerm extractEntry History.md
356 silly gunzTarPerm modified mode [ 'History.md', 436, 420 ]
357 silly gunzTarPerm extractEntry Makefile
358 silly gunzTarPerm modified mode [ 'Makefile', 436, 420 ]
359 silly gunzTarPerm extractEntry Readme.md
360 silly gunzTarPerm modified mode [ 'Readme.md', 436, 420 ]
361 silly gunzTarPerm extractEntry component.json
362 silly gunzTarPerm modified mode [ 'component.json', 436, 420 ]
363 verbose write writing to /Users/SAMMAO/Desktop/Coding Practice/React JS practice/app2/node_modules/rc-collapse/node_modules/css-animation/node_modules/component-classes/package.json
364 info preinstall component-classes@1.2.6
365 verbose readDependencies loading dependencies from /Users/SAMMAO/Desktop/Coding Practice/React JS practice/app2/node_modules/rc-collapse/node_modules/css-animation/node_modules/component-classes/package.json
366 silly prepareForInstallMany adding component-indexof@0.0.3 from component-classes dependencies
367 verbose readDependencies loading dependencies from /Users/SAMMAO/Desktop/Coding Practice/React JS practice/app2/node_modules/rc-collapse/node_modules/css-animation/node_modules/component-classes/package.json
368 silly cache add args [ 'component-indexof@0.0.3', null ]
369 verbose cache add spec component-indexof@0.0.3
370 silly cache add parsed spec Result {
370 silly cache add   raw: 'component-indexof@0.0.3',
370 silly cache add   scope: null,
370 silly cache add   name: 'component-indexof',
370 silly cache add   rawSpec: '0.0.3',
370 silly cache add   spec: '0.0.3',
370 silly cache add   type: 'version' }
371 silly addNamed component-indexof@0.0.3
372 verbose addNamed "0.0.3" is a plain semver version for component-indexof
373 silly mapToRegistry name component-indexof
374 silly mapToRegistry using default registry
375 silly mapToRegistry registry https://registry.npmjs.org/
376 silly mapToRegistry data Result {
376 silly mapToRegistry   raw: 'component-indexof',
376 silly mapToRegistry   scope: null,
376 silly mapToRegistry   name: 'component-indexof',
376 silly mapToRegistry   rawSpec: '',
376 silly mapToRegistry   spec: 'latest',
376 silly mapToRegistry   type: 'tag' }
377 silly mapToRegistry uri https://registry.npmjs.org/component-indexof
378 verbose addNameVersion registry:https://registry.npmjs.org/component-indexof not in flight; fetching
379 verbose request uri https://registry.npmjs.org/component-indexof
380 verbose request no auth needed
381 info attempt registry request try #1 at 1:47:53 PM
382 http request GET https://registry.npmjs.org/component-indexof
383 http 200 https://registry.npmjs.org/component-indexof
384 verbose headers { server: 'nginx/1.10.1',
384 verbose headers   'content-type': 'application/json',
384 verbose headers   'last-modified': 'Thu, 07 May 2015 23:00:26 GMT',
384 verbose headers   etag: 'W/"554bee8a-c61"',
384 verbose headers   'content-encoding': 'gzip',
384 verbose headers   'cache-control': 'max-age=300',
384 verbose headers   'content-length': '1127',
384 verbose headers   'accept-ranges': 'bytes',
384 verbose headers   date: 'Sat, 03 Dec 2016 18:47:53 GMT',
384 verbose headers   via: '1.1 varnish',
384 verbose headers   age: '0',
384 verbose headers   connection: 'keep-alive',
384 verbose headers   'x-served-by': 'cache-jfk8145-JFK',
384 verbose headers   'x-cache': 'HIT',
384 verbose headers   'x-cache-hits': '1',
384 verbose headers   'x-timer': 'S1480790873.420665,VS0,VE65',
384 verbose headers   vary: 'Accept-Encoding' }
385 silly get cb [ 200,
385 silly get   { server: 'nginx/1.10.1',
385 silly get     'content-type': 'application/json',
385 silly get     'last-modified': 'Thu, 07 May 2015 23:00:26 GMT',
385 silly get     etag: 'W/"554bee8a-c61"',
385 silly get     'content-encoding': 'gzip',
385 silly get     'cache-control': 'max-age=300',
385 silly get     'content-length': '1127',
385 silly get     'accept-ranges': 'bytes',
385 silly get     date: 'Sat, 03 Dec 2016 18:47:53 GMT',
385 silly get     via: '1.1 varnish',
385 silly get     age: '0',
385 silly get     connection: 'keep-alive',
385 silly get     'x-served-by': 'cache-jfk8145-JFK',
385 silly get     'x-cache': 'HIT',
385 silly get     'x-cache-hits': '1',
385 silly get     'x-timer': 'S1480790873.420665,VS0,VE65',
385 silly get     vary: 'Accept-Encoding' } ]
386 verbose get saving component-indexof to /Users/SAMMAO/.npm/registry.npmjs.org/component-indexof/.cache.json
387 verbose correctMkdir /Users/SAMMAO/.npm correctMkdir not in flight; initializing
388 silly mapToRegistry name component-indexof
389 silly mapToRegistry using default registry
390 silly mapToRegistry registry https://registry.npmjs.org/
391 silly mapToRegistry data Result {
391 silly mapToRegistry   raw: 'component-indexof',
391 silly mapToRegistry   scope: null,
391 silly mapToRegistry   name: 'component-indexof',
391 silly mapToRegistry   rawSpec: '',
391 silly mapToRegistry   spec: 'latest',
391 silly mapToRegistry   type: 'tag' }
392 silly mapToRegistry uri https://registry.npmjs.org/component-indexof
393 verbose addRemoteTarball https://registry.npmjs.org/component-indexof/-/component-indexof-0.0.3.tgz not in flight; adding
394 verbose addRemoteTarball [ 'https://registry.npmjs.org/component-indexof/-/component-indexof-0.0.3.tgz',
394 verbose addRemoteTarball   '11d091312239eb8f32c8f25ae9cb002ffe8d3c24' ]
395 info retry fetch attempt 1 at 1:47:53 PM
396 info attempt registry request try #1 at 1:47:53 PM
397 http fetch GET https://registry.npmjs.org/component-indexof/-/component-indexof-0.0.3.tgz
398 http fetch 200 https://registry.npmjs.org/component-indexof/-/component-indexof-0.0.3.tgz
399 silly fetchAndShaCheck shasum 11d091312239eb8f32c8f25ae9cb002ffe8d3c24
400 verbose addTmpTarball /var/folders/1t/6h2wkwfx6r39qwn51k6ftxhc0000gn/T/npm-66995-f94f2943/registry.npmjs.org/component-indexof/-/component-indexof-0.0.3.tgz not in flight; adding
401 verbose addTmpTarball already have metadata; skipping unpack for component-indexof@0.0.3
402 verbose correctMkdir /Users/SAMMAO/.npm correctMkdir not in flight; initializing
403 silly cache afterAdd component-indexof@0.0.3
404 verbose afterAdd /Users/SAMMAO/.npm/component-indexof/0.0.3/package/package.json not in flight; writing
405 verbose correctMkdir /Users/SAMMAO/.npm correctMkdir not in flight; initializing
406 verbose afterAdd /Users/SAMMAO/.npm/component-indexof/0.0.3/package/package.json written
407 silly install resolved [ { name: 'component-indexof',
407 silly install resolved     description: 'Microsoft sucks',
407 silly install resolved     version: '0.0.3',
407 silly install resolved     keywords: [ 'index', 'array', 'indexOf' ],
407 silly install resolved     component: { scripts: [Object] },
407 silly install resolved     repository: { type: 'git', url: 'https://github.com/component/indexof.git' },
407 silly install resolved     bugs: { url: 'https://github.com/component/indexof/issues' },
407 silly install resolved     homepage: 'https://github.com/component/indexof',
407 silly install resolved     _id: 'component-indexof@0.0.3',
407 silly install resolved     dist:
407 silly install resolved      { shasum: '11d091312239eb8f32c8f25ae9cb002ffe8d3c24',
407 silly install resolved        tarball: 'https://registry.npmjs.org/component-indexof/-/component-indexof-0.0.3.tgz' },
407 silly install resolved     _from: 'component-indexof@0.0.3',
407 silly install resolved     _npmVersion: '1.3.24',
407 silly install resolved     _npmUser: { name: 'tootallnate', email: 'nathan@tootallnate.net' },
407 silly install resolved     maintainers: [ [Object] ],
407 silly install resolved     directories: {},
407 silly install resolved     _shasum: '11d091312239eb8f32c8f25ae9cb002ffe8d3c24',
407 silly install resolved     _resolved: 'https://registry.npmjs.org/component-indexof/-/component-indexof-0.0.3.tgz' } ]
408 info install component-indexof@0.0.3 into /Users/SAMMAO/Desktop/Coding Practice/React JS practice/app2/node_modules/rc-collapse/node_modules/css-animation/node_modules/component-classes
409 info installOne component-indexof@0.0.3
410 verbose installOne of component-indexof to /Users/SAMMAO/Desktop/Coding Practice/React JS practice/app2/node_modules/rc-collapse/node_modules/css-animation/node_modules/component-classes not in flight; installing
411 verbose correctMkdir /Users/SAMMAO/.npm/_locks correctMkdir not in flight; initializing
412 verbose lock using /Users/SAMMAO/.npm/_locks/component-indexof-581ee74449f40e45.lock for /Users/SAMMAO/Desktop/Coding Practice/React JS practice/app2/node_modules/rc-collapse/node_modules/css-animation/node_modules/component-classes/node_modules/component-indexof
413 silly install write writing component-indexof 0.0.3 to /Users/SAMMAO/Desktop/Coding Practice/React JS practice/app2/node_modules/rc-collapse/node_modules/css-animation/node_modules/component-classes/node_modules/component-indexof
414 verbose unbuild node_modules/rc-collapse/node_modules/css-animation/node_modules/component-classes/node_modules/component-indexof
415 silly gentlyRm /Users/SAMMAO/Desktop/Coding Practice/React JS practice/app2/node_modules/rc-collapse/node_modules/css-animation/node_modules/component-classes/node_modules/component-indexof is being purged from base /Users/SAMMAO/Desktop/Coding Practice/React JS practice/app2
416 verbose gentlyRm don't care about contents; nuking /Users/SAMMAO/Desktop/Coding Practice/React JS practice/app2/node_modules/rc-collapse/node_modules/css-animation/node_modules/component-classes/node_modules/component-indexof
417 verbose tar unpack /Users/SAMMAO/.npm/component-indexof/0.0.3/package.tgz
418 verbose tar unpacking to /Users/SAMMAO/Desktop/Coding Practice/React JS practice/app2/node_modules/rc-collapse/node_modules/css-animation/node_modules/component-classes/node_modules/component-indexof
419 silly gentlyRm /Users/SAMMAO/Desktop/Coding Practice/React JS practice/app2/node_modules/rc-collapse/node_modules/css-animation/node_modules/component-classes/node_modules/component-indexof is being purged
420 verbose gentlyRm don't care about contents; nuking /Users/SAMMAO/Desktop/Coding Practice/React JS practice/app2/node_modules/rc-collapse/node_modules/css-animation/node_modules/component-classes/node_modules/component-indexof
421 silly gunzTarPerm modes [ '755', '644' ]
422 silly gunzTarPerm extractEntry package.json
423 silly gunzTarPerm extractEntry .npmignore
424 silly gunzTarPerm extractEntry index.js
425 silly gunzTarPerm extractEntry History.md
426 silly gunzTarPerm extractEntry Makefile
427 silly gunzTarPerm extractEntry Readme.md
428 silly gunzTarPerm extractEntry component.json
429 silly gunzTarPerm extractEntry test/mocha.js
430 silly gunzTarPerm extractEntry test/tests.js
431 silly gunzTarPerm extractEntry test/index.html
432 silly gunzTarPerm extractEntry test/mocha.css
433 verbose write writing to /Users/SAMMAO/Desktop/Coding Practice/React JS practice/app2/node_modules/rc-collapse/node_modules/css-animation/node_modules/component-classes/node_modules/component-indexof/package.json
434 info preinstall component-indexof@0.0.3
435 verbose readDependencies loading dependencies from /Users/SAMMAO/Desktop/Coding Practice/React JS practice/app2/node_modules/rc-collapse/node_modules/css-animation/node_modules/component-classes/node_modules/component-indexof/package.json
436 verbose readDependencies loading dependencies from /Users/SAMMAO/Desktop/Coding Practice/React JS practice/app2/node_modules/rc-collapse/node_modules/css-animation/node_modules/component-classes/node_modules/component-indexof/package.json
437 silly install resolved []
438 verbose about to build /Users/SAMMAO/Desktop/Coding Practice/React JS practice/app2/node_modules/rc-collapse/node_modules/css-animation/node_modules/component-classes/node_modules/component-indexof
439 info build /Users/SAMMAO/Desktop/Coding Practice/React JS practice/app2/node_modules/rc-collapse/node_modules/css-animation/node_modules/component-classes/node_modules/component-indexof
440 info linkStuff component-indexof@0.0.3
441 silly linkStuff component-indexof@0.0.3 has /Users/SAMMAO/Desktop/Coding Practice/React JS practice/app2/node_modules/rc-collapse/node_modules/css-animation/node_modules/component-classes/node_modules as its parent node_modules
442 verbose linkBins component-indexof@0.0.3
443 verbose linkMans component-indexof@0.0.3
444 verbose rebuildBundles component-indexof@0.0.3
445 info install component-indexof@0.0.3
446 info postinstall component-indexof@0.0.3
447 verbose unlock done using /Users/SAMMAO/.npm/_locks/component-indexof-581ee74449f40e45.lock for /Users/SAMMAO/Desktop/Coding Practice/React JS practice/app2/node_modules/rc-collapse/node_modules/css-animation/node_modules/component-classes/node_modules/component-indexof
448 verbose about to build /Users/SAMMAO/Desktop/Coding Practice/React JS practice/app2/node_modules/rc-collapse/node_modules/css-animation/node_modules/component-classes
449 info build /Users/SAMMAO/Desktop/Coding Practice/React JS practice/app2/node_modules/rc-collapse/node_modules/css-animation/node_modules/component-classes
450 info linkStuff component-classes@1.2.6
451 silly linkStuff component-classes@1.2.6 has /Users/SAMMAO/Desktop/Coding Practice/React JS practice/app2/node_modules/rc-collapse/node_modules/css-animation/node_modules as its parent node_modules
452 verbose linkBins component-classes@1.2.6
453 verbose linkMans component-classes@1.2.6
454 verbose rebuildBundles component-classes@1.2.6
455 verbose rebuildBundles [ 'component-indexof' ]
456 info install component-classes@1.2.6
457 info postinstall component-classes@1.2.6
458 verbose unlock done using /Users/SAMMAO/.npm/_locks/component-classes-a3cc7fb15786fd41.lock for /Users/SAMMAO/Desktop/Coding Practice/React JS practice/app2/node_modules/rc-collapse/node_modules/css-animation/node_modules/component-classes
459 verbose about to build /Users/SAMMAO/Desktop/Coding Practice/React JS practice/app2/node_modules/rc-collapse/node_modules/css-animation
460 info build /Users/SAMMAO/Desktop/Coding Practice/React JS practice/app2/node_modules/rc-collapse/node_modules/css-animation
461 info linkStuff css-animation@1.3.0
462 silly linkStuff css-animation@1.3.0 has /Users/SAMMAO/Desktop/Coding Practice/React JS practice/app2/node_modules/rc-collapse/node_modules as its parent node_modules
463 verbose linkBins css-animation@1.3.0
464 verbose linkMans css-animation@1.3.0
465 verbose rebuildBundles css-animation@1.3.0
466 verbose rebuildBundles [ 'component-classes' ]
467 info install css-animation@1.3.0
468 info postinstall css-animation@1.3.0
469 verbose unlock done using /Users/SAMMAO/.npm/_locks/css-animation-be76c19b5fc2ec10.lock for /Users/SAMMAO/Desktop/Coding Practice/React JS practice/app2/node_modules/rc-collapse/node_modules/css-animation
470 verbose about to build /Users/SAMMAO/Desktop/Coding Practice/React JS practice/app2/node_modules/rc-collapse
471 info build /Users/SAMMAO/Desktop/Coding Practice/React JS practice/app2/node_modules/rc-collapse
472 info linkStuff rc-collapse@1.6.10
473 silly linkStuff rc-collapse@1.6.10 has /Users/SAMMAO/Desktop/Coding Practice/React JS practice/app2/node_modules as its parent node_modules
474 verbose linkBins rc-collapse@1.6.10
475 verbose linkMans rc-collapse@1.6.10
476 verbose rebuildBundles rc-collapse@1.6.10
477 verbose rebuildBundles [ 'classnames', 'css-animation', 'rc-animate' ]
478 info install rc-collapse@1.6.10
479 info postinstall rc-collapse@1.6.10
480 verbose unlock done using /Users/SAMMAO/.npm/_locks/rc-collapse-4342f738a8f6cad7.lock for /Users/SAMMAO/Desktop/Coding Practice/React JS practice/app2/node_modules/rc-collapse
481 verbose validateInstall loading /Users/SAMMAO/Desktop/Coding Practice/React JS practice/app2/package.json for validation
482 verbose stack Error: The package react@15.3.2 does not satisfy its siblings' peerDependencies requirements!
482 verbose stack     at /usr/local/lib/node_modules/npm/lib/install.js:125:32
482 verbose stack     at /usr/local/lib/node_modules/npm/lib/install.js:268:7
482 verbose stack     at /usr/local/lib/node_modules/npm/node_modules/read-installed/read-installed.js:142:5
482 verbose stack     at /usr/local/lib/node_modules/npm/node_modules/read-installed/read-installed.js:263:14
482 verbose stack     at cb (/usr/local/lib/node_modules/npm/node_modules/slide/lib/async-map.js:47:24)
482 verbose stack     at /usr/local/lib/node_modules/npm/node_modules/read-installed/read-installed.js:263:14
482 verbose stack     at cb (/usr/local/lib/node_modules/npm/node_modules/slide/lib/async-map.js:47:24)
482 verbose stack     at /usr/local/lib/node_modules/npm/node_modules/read-installed/read-installed.js:263:14
482 verbose stack     at cb (/usr/local/lib/node_modules/npm/node_modules/slide/lib/async-map.js:47:24)
482 verbose stack     at /usr/local/lib/node_modules/npm/node_modules/read-installed/read-installed.js:263:14
483 verbose cwd /Users/SAMMAO/Desktop/Coding Practice/React JS practice/app2/server/java
484 error Darwin 14.5.0
485 error argv "/usr/local/bin/node" "/usr/local/bin/npm" "install" "rc-collapse" "--save"
486 error node v4.4.7
487 error npm  v2.15.8
488 error code EPEERINVALID
489 error peerinvalid The package react@15.3.2 does not satisfy its siblings' peerDependencies requirements!
489 error peerinvalid Peer flux@3.0.0 wants react@^15.0.2
489 error peerinvalid Peer react-bootstrap@0.30.6 wants react@>=0.14.0
489 error peerinvalid Peer react-bootstrap-table@2.5.5 wants react@^0.14.3 || ^15.0.0
489 error peerinvalid Peer react-dom@15.3.2 wants react@^15.3.2
489 error peerinvalid Peer react-redux@4.4.5 wants react@^0.14.0 || ^15.0.0-0
489 error peerinvalid Peer react-router@2.8.1 wants react@^0.14.0 || ^15.0.0
489 error peerinvalid Peer react-select@1.0.0-rc.2 wants react@^0.14 || ^15.0.0-rc || ^15.0
489 error peerinvalid Peer react-timer@1.0.1 wants react@^15.1.0
489 error peerinvalid Peer react-addons-css-transition-group@15.4.1 wants react@^15.4.1
490 verbose exit [ 1, true ]
